mode: set
github.com/vireocloud/property-pros-service/config/config.go:27.35,31.2 2 0
github.com/vireocloud/property-pros-service/config/config.go:33.58,38.16 3 1
github.com/vireocloud/property-pros-service/config/config.go:42.2,44.31 2 1
github.com/vireocloud/property-pros-service/config/config.go:64.2,65.19 2 1
github.com/vireocloud/property-pros-service/config/config.go:71.2,72.16 2 1
github.com/vireocloud/property-pros-service/config/config.go:76.2,77.16 2 1
github.com/vireocloud/property-pros-service/config/config.go:80.2,80.12 1 1
github.com/vireocloud/property-pros-service/config/config.go:38.16,40.3 1 0
github.com/vireocloud/property-pros-service/config/config.go:44.31,47.10 2 1
github.com/vireocloud/property-pros-service/config/config.go:50.3,54.10 4 1
github.com/vireocloud/property-pros-service/config/config.go:58.3,61.41 2 1
github.com/vireocloud/property-pros-service/config/config.go:47.10,48.12 1 0
github.com/vireocloud/property-pros-service/config/config.go:54.10,55.12 1 0
github.com/vireocloud/property-pros-service/config/config.go:65.19,67.3 1 1
github.com/vireocloud/property-pros-service/config/config.go:67.8,69.3 1 0
github.com/vireocloud/property-pros-service/config/config.go:72.16,74.3 1 0
github.com/vireocloud/property-pros-service/config/config.go:77.16,79.3 1 1
github.com/vireocloud/property-pros-service/documents/documentContent.go:14.50,16.2 1 1
github.com/vireocloud/property-pros-service/documents/documentContentClient_fake.go:13.68,15.2 1 0
github.com/vireocloud/property-pros-service/documents/documentContentClient_fake.go:17.199,21.2 1 1
github.com/vireocloud/property-pros-service/documents/documentContentService.go:15.162,20.16 2 1
github.com/vireocloud/property-pros-service/documents/documentContentService.go:24.2,28.8 1 1
github.com/vireocloud/property-pros-service/documents/documentContentService.go:20.16,22.3 1 0
github.com/vireocloud/property-pros-service/documents/documentContentService.go:31.158,33.16 2 0
github.com/vireocloud/property-pros-service/documents/documentContentService.go:37.2,37.67 1 0
github.com/vireocloud/property-pros-service/documents/documentContentService.go:33.16,35.3 1 0
github.com/vireocloud/property-pros-service/documents/documentContentService.go:40.110,42.2 1 0
github.com/vireocloud/property-pros-service/documents/documentContentService.go:46.60,52.2 1 1
github.com/vireocloud/property-pros-service/documents/documentsService.go:6.65,8.2 0 0
github.com/vireocloud/property-pros-service/server/controllers/authController.go:25.145,31.16 4 0
github.com/vireocloud/property-pros-service/server/controllers/authController.go:35.2,40.9 3 0
github.com/vireocloud/property-pros-service/server/controllers/authController.go:43.2,49.22 4 0
github.com/vireocloud/property-pros-service/server/controllers/authController.go:31.16,33.3 1 0
github.com/vireocloud/property-pros-service/server/controllers/authController.go:40.9,42.3 1 0
github.com/vireocloud/property-pros-service/server/controllers/authController.go:52.138,57.2 1 0
github.com/vireocloud/property-pros-service/server/controllers/notePurchaseAgreementController.go:25.113,30.2 1 0
github.com/vireocloud/property-pros-service/server/controllers/notePurchaseAgreementController.go:32.116,35.35 2 0
github.com/vireocloud/property-pros-service/server/controllers/notePurchaseAgreementController.go:39.2,40.25 2 0
github.com/vireocloud/property-pros-service/server/controllers/notePurchaseAgreementController.go:35.35,37.3 1 0
github.com/vireocloud/property-pros-service/server/controllers/notePurchaseAgreementController.go:43.189,49.30 3 0
github.com/vireocloud/property-pros-service/server/controllers/notePurchaseAgreementController.go:53.2,57.16 4 0
github.com/vireocloud/property-pros-service/server/controllers/notePurchaseAgreementController.go:61.2,63.22 2 0
github.com/vireocloud/property-pros-service/server/controllers/notePurchaseAgreementController.go:49.30,51.3 1 0
github.com/vireocloud/property-pros-service/server/controllers/notePurchaseAgreementController.go:57.16,59.3 1 0
github.com/vireocloud/property-pros-service/server/controllers/notePurchaseAgreementController.go:66.186,72.16 3 0
github.com/vireocloud/property-pros-service/server/controllers/notePurchaseAgreementController.go:76.2,78.22 2 0
github.com/vireocloud/property-pros-service/server/controllers/notePurchaseAgreementController.go:72.16,74.3 1 0
github.com/vireocloud/property-pros-service/server/controllers/notePurchaseAgreementController.go:81.208,88.16 5 0
github.com/vireocloud/property-pros-service/server/controllers/notePurchaseAgreementController.go:92.2,94.22 2 0
github.com/vireocloud/property-pros-service/server/controllers/notePurchaseAgreementController.go:88.16,90.3 1 0
github.com/vireocloud/property-pros-service/server/controllers/notePurchaseAgreementController.go:97.214,103.22 3 1
github.com/vireocloud/property-pros-service/server/controllers/notePurchaseAgreementController.go:107.2,109.28 2 1
github.com/vireocloud/property-pros-service/server/controllers/notePurchaseAgreementController.go:103.22,105.3 1 0
github.com/vireocloud/property-pros-service/server/controllers/notePurchaseAgreementController.go:112.172,117.2 1 1
github.com/vireocloud/property-pros-service/server/controllers/statementController.go:22.89,27.2 1 0
github.com/vireocloud/property-pros-service/server/controllers/statementController.go:29.100,38.2 3 0
github.com/vireocloud/property-pros-service/server/controllers/statementController.go:40.141,43.22 2 0
github.com/vireocloud/property-pros-service/server/controllers/statementController.go:47.2,57.22 6 0
github.com/vireocloud/property-pros-service/server/controllers/statementController.go:43.22,45.3 1 0
github.com/vireocloud/property-pros-service/server/controllers/statementController.go:106.98,110.2 1 0
github.com/vireocloud/property-pros-service/data/RepositoryFactoryFunctions.go:9.99,11.2 1 0
github.com/vireocloud/property-pros-service/data/RepositoryFactoryFunctions.go:13.67,15.2 1 0
github.com/vireocloud/property-pros-service/data/RepositoryFactoryFunctions.go:17.89,19.2 1 0
github.com/vireocloud/property-pros-service/data/RepositoryFactoryFunctions.go:24.76,26.2 1 0
github.com/vireocloud/property-pros-service/data/Statement.go:19.36,21.2 1 0
github.com/vireocloud/property-pros-service/data/Statement.go:23.40,25.2 1 0
github.com/vireocloud/property-pros-service/data/User.go:19.31,21.2 1 0
github.com/vireocloud/property-pros-service/data/User.go:23.35,25.2 1 0
github.com/vireocloud/property-pros-service/data/GormDb.go:11.42,19.16 3 0
github.com/vireocloud/property-pros-service/data/GormDb.go:23.2,29.16 5 0
github.com/vireocloud/property-pros-service/data/GormDb.go:19.16,21.3 1 0
github.com/vireocloud/property-pros-service/data/GormDb.go:32.36,42.25 7 0
github.com/vireocloud/property-pros-service/data/GormDb.go:42.25,65.3 9 0
github.com/vireocloud/property-pros-service/data/GormRepository.go:26.55,28.2 1 0
github.com/vireocloud/property-pros-service/data/GormRepository.go:30.65,36.2 4 1
github.com/vireocloud/property-pros-service/data/GormRepository.go:38.77,47.2 4 0
github.com/vireocloud/property-pros-service/data/GormRepository.go:49.77,59.2 6 0
github.com/vireocloud/property-pros-service/data/GormRepository.go:61.68,66.16 3 1
github.com/vireocloud/property-pros-service/data/GormRepository.go:70.2,72.21 2 1
github.com/vireocloud/property-pros-service/data/GormRepository.go:76.2,76.22 1 1
github.com/vireocloud/property-pros-service/data/GormRepository.go:80.2,80.24 1 0
github.com/vireocloud/property-pros-service/data/GormRepository.go:66.16,68.3 1 0
github.com/vireocloud/property-pros-service/data/GormRepository.go:72.21,74.3 1 0
github.com/vireocloud/property-pros-service/data/GormRepository.go:76.22,78.3 1 1
github.com/vireocloud/property-pros-service/data/GormRepository.go:83.57,90.2 3 1
github.com/vireocloud/property-pros-service/data/GormRepository.go:92.65,98.2 3 1
github.com/vireocloud/property-pros-service/data/GormRepository.go:100.94,104.2 1 0
github.com/vireocloud/property-pros-service/data/NotePurchaseAgreement.go:14.48,16.2 1 0
github.com/vireocloud/property-pros-service/data/NotePurchaseAgreement.go:18.52,20.2 1 0
github.com/vireocloud/property-pros-service/users/userModel.go:21.54,23.2 1 0
github.com/vireocloud/property-pros-service/users/userModel.go:25.63,28.2 1 0
github.com/vireocloud/property-pros-service/users/userModel.go:30.62,39.2 1 0
github.com/vireocloud/property-pros-service/users/userModel.go:41.88,43.2 1 0
github.com/vireocloud/property-pros-service/users/userModel.go:45.58,48.2 2 0
github.com/vireocloud/property-pros-service/users/userModel.go:50.64,58.2 3 0
github.com/vireocloud/property-pros-service/users/usersGateway.go:18.106,22.21 2 1
github.com/vireocloud/property-pros-service/users/usersGateway.go:26.2,38.8 1 1
github.com/vireocloud/property-pros-service/users/usersGateway.go:22.21,24.3 1 0
github.com/vireocloud/property-pros-service/users/usersGateway.go:41.74,43.2 1 0
github.com/vireocloud/property-pros-service/users/usersGateway.go:45.142,60.16 3 1
github.com/vireocloud/property-pros-service/users/usersGateway.go:64.2,70.23 4 1
github.com/vireocloud/property-pros-service/users/usersGateway.go:60.16,62.3 1 0
github.com/vireocloud/property-pros-service/users/usersGateway.go:73.80,77.2 2 0
github.com/vireocloud/property-pros-service/users/usersGateway.go:79.76,81.2 1 0
github.com/vireocloud/property-pros-service/users/usersGateway.go:83.87,87.2 1 1
github.com/vireocloud/property-pros-service/users/usersService.go:18.104,21.16 2 1
github.com/vireocloud/property-pros-service/users/usersService.go:25.2,25.40 1 1
github.com/vireocloud/property-pros-service/users/usersService.go:29.2,29.25 1 1
github.com/vireocloud/property-pros-service/users/usersService.go:21.16,23.3 1 0
github.com/vireocloud/property-pros-service/users/usersService.go:25.40,27.3 1 0
github.com/vireocloud/property-pros-service/users/usersService.go:32.91,37.16 3 0
github.com/vireocloud/property-pros-service/users/usersService.go:41.2,43.16 2 0
github.com/vireocloud/property-pros-service/users/usersService.go:47.2,48.31 2 0
github.com/vireocloud/property-pros-service/users/usersService.go:52.2,52.14 1 0
github.com/vireocloud/property-pros-service/users/usersService.go:37.16,39.3 1 0
github.com/vireocloud/property-pros-service/users/usersService.go:43.16,45.3 1 0
github.com/vireocloud/property-pros-service/users/usersService.go:48.31,50.3 1 0
github.com/vireocloud/property-pros-service/users/usersService.go:55.84,58.16 2 0
github.com/vireocloud/property-pros-service/users/usersService.go:62.2,62.78 1 0
github.com/vireocloud/property-pros-service/users/usersService.go:58.16,59.13 1 0
github.com/vireocloud/property-pros-service/users/usersService.go:65.85,67.2 1 0
